<?xml version="1.0" encoding="UTF-8"?>
<testsuite xmlns:xsi="http://www.w3.org/2001/XMLSchema-instance" xsi:noNamespaceSchemaLocation="https://maven.apache.org/surefire/maven-surefire-plugin/xsd/surefire-test-report.xsd" name="hello.VirusTotalControllerTests" time="8.39" tests="4" errors="1" skipped="0" failures="0">
  <properties>
[...]
</properties>
  <testcase name="getFileReportShouldReturnOK" classname="hello.VirusTotalControllerTests" time="1.281"/>
  <testcase name="getUrlReportShouldReturnOK" classname="hello.VirusTotalControllerTests" time="0.386"/>
  <testcase name="getIpReportShouldReturnOK" classname="hello.VirusTotalControllerTests" time="2.244">
    <error message="Request processing failed; nested exception is org.springframework.web.client.RestClientException: Error while extracting response for type [class hello.Model.FullIpReport] and content type [application/json]; nested exception is org.springframework.http.converter.HttpMessageNotReadableException: JSON parse error: Cannot deserialize instance of `java.lang.String` out of START_OBJECT token; nested exception is com.fasterxml.jackson.databind.exc.MismatchedInputException: Cannot deserialize instance of `java.lang.String` out of START_OBJECT token&#10; at [Source: (PushbackInputStream); line: 1, column: 30604] (through reference chain: hello.Model.FullIpReport[&quot;detected_urls&quot;]-&gt;java.util.ArrayList[0])" type="org.springframework.web.util.NestedServletException">org.springframework.web.util.NestedServletException: 
Request processing failed; nested exception is org.springframework.web.client.RestClientException: Error while extracting response for type [class hello.Model.FullIpReport] and content type [application/json]; nested exception is org.springframework.http.converter.HttpMessageNotReadableException: JSON parse error: Cannot deserialize instance of `java.lang.String` out of START_OBJECT token; nested exception is com.fasterxml.jackson.databind.exc.MismatchedInputException: Cannot deserialize instance of `java.lang.String` out of START_OBJECT token
 at [Source: (PushbackInputStream); line: 1, column: 30604] (through reference chain: hello.Model.FullIpReport["detected_urls"]->java.util.ArrayList[0])
	at hello.VirusTotalControllerTests.getIpReportShouldReturnOK(VirusTotalControllerTests.java:67)
Caused by: org.springframework.web.client.RestClientException: 
Error while extracting response for type [class hello.Model.FullIpReport] and content type [application/json]; nested exception is org.springframework.http.converter.HttpMessageNotReadableException: JSON parse error: Cannot deserialize instance of `java.lang.String` out of START_OBJECT token; nested exception is com.fasterxml.jackson.databind.exc.MismatchedInputException: Cannot deserialize instance of `java.lang.String` out of START_OBJECT token
 at [Source: (PushbackInputStream); line: 1, column: 30604] (through reference chain: hello.Model.FullIpReport["detected_urls"]->java.util.ArrayList[0])
	at hello.VirusTotalControllerTests.getIpReportShouldReturnOK(VirusTotalControllerTests.java:67)
Caused by: org.springframework.http.converter.HttpMessageNotReadableException: 
JSON parse error: Cannot deserialize instance of `java.lang.String` out of START_OBJECT token; nested exception is com.fasterxml.jackson.databind.exc.MismatchedInputException: Cannot deserialize instance of `java.lang.String` out of START_OBJECT token
 at [Source: (PushbackInputStream); line: 1, column: 30604] (through reference chain: hello.Model.FullIpReport["detected_urls"]->java.util.ArrayList[0])
	at hello.VirusTotalControllerTests.getIpReportShouldReturnOK(VirusTotalControllerTests.java:67)
Caused by: com.fasterxml.jackson.databind.exc.MismatchedInputException: 
Cannot deserialize instance of `java.lang.String` out of START_OBJECT token
 at [Source: (PushbackInputStream); line: 1, column: 30604] (through reference chain: hello.Model.FullIpReport["detected_urls"]->java.util.ArrayList[0])
	at hello.VirusTotalControllerTests.getIpReportShouldReturnOK(VirusTotalControllerTests.java:67)
</error>
    <system-out><![CDATA[
MockHttpServletRequest:
      HTTP Method = GET
      Request URI = /file/report
       Parameters = {fileDigest=[0002d20a7423518b7f371302014076c9]}
          Headers = {}
             Body = null
    Session Attrs = {}

Handler:
             Type = hello.VirusTotalController
           Method = public hello.Model.FullFileReport hello.VirusTotalController.getFileReport(java.lang.String)

Async:
    Async started = false
     Async result = null

Resolved Exception:
             Type = null

ModelAndView:
        View name = null
             View = null
            Model = null

FlashMap:
       Attributes = null

MockHttpServletResponse:
           Status = 200
    Error message = null
          Headers = {Content-Type=[application/json;charset=UTF-8]}
     Content type = application/json;charset=UTF-8
             Body = {"total":68,"positives":49,"scan_id":"035e5fd38be26b78a6423b71b3a742f1265c6708a29e8bf96a2460e4f11efa11-1532595224","sha1":"d9f8a39513e6f23f72e012973f7178656f5bb78d","resource":"0002d20a7423518b7f371302014076c9","response_code":"1","scan_date":"2018-07-26 08:53:44","permalink":"https://www.virustotal.com/file/035e5fd38be26b78a6423b71b3a742f1265c6708a29e8bf96a2460e4f11efa11/analysis/1532595224/","verbose_msg":"Scan finished, information embedded","sha256":"035e5fd38be26b78a6423b71b3a742f1265c6708a29e8bf96a2460e4f11efa11","md5":"0002d20a7423518b7f371302014076c9"}
    Forwarded URL = null
   Redirected URL = null
          Cookies = []

MockHttpServletRequest:
      HTTP Method = GET
      Request URI = /url/report
       Parameters = {url=[google.com]}
          Headers = {}
             Body = null
    Session Attrs = {}

Handler:
             Type = hello.VirusTotalController
           Method = public hello.Model.FullFileReport hello.VirusTotalController.getUrlReport(java.lang.String)

Async:
    Async started = false
     Async result = null

Resolved Exception:
             Type = null

ModelAndView:
        View name = null
             View = null
            Model = null

FlashMap:
       Attributes = null

MockHttpServletResponse:
           Status = 200
    Error message = null
          Headers = {Content-Type=[application/json;charset=UTF-8]}
     Content type = application/json;charset=UTF-8
             Body = {"total":66,"positives":0,"scan_id":"cf4b367e49bf0b22041c6f065f4aa19f3cfe39c8d5abc0617343d1a66c6a26f5-1543016557","sha1":null,"resource":"google.com","response_code":"1","scan_date":"2018-11-23 23:42:37","permalink":"https://www.virustotal.com/url/cf4b367e49bf0b22041c6f065f4aa19f3cfe39c8d5abc0617343d1a66c6a26f5/analysis/1543016557/","verbose_msg":"Scan finished, scan information embedded in this object","sha256":null,"md5":null}
    Forwarded URL = null
   Redirected URL = null
          Cookies = []
]]></system-out>
  </testcase>
  <testcase name="getDomainReportShouldReturnOK" classname="hello.VirusTotalControllerTests" time="1.974"/>
</testsuite>